<component name="libraryTable">
  <library name="junit-4.4">
    <CLASSES>
      <root url="jar://$APPLICATION_HOME_DIR$/plugins/testng/lib/junit-4.4.jar!/" />
    </CLASSES>
    <JAVADOC />
    <SOURCES />
  </library>
</component>